#
# There is insufficient memory for the Java Runtime Environment to continue.
# Native memory allocation (malloc) failed to allocate 1249776 bytes for Chunk::new
# Possible reasons:
#   The system is out of physical RAM or swap space
#   The process is running with CompressedOops enabled, and the Java Heap may be blocking the growth of the native heap
# Possible solutions:
#   Reduce memory load on the system
#   Increase physical memory or swap space
#   Check if swap backing store is full
#   Decrease Java heap size (-Xmx/-Xms)
#   Decrease number of Java threads
#   Decrease Java thread stack sizes (-Xss)
#   Set larger code cache with -XX:ReservedCodeCacheSize=
#   JVM is running with Unscaled Compressed Oops mode in which the Java heap is
#     placed in the first 4GB address space. The Java Heap base address is the
#     maximum limit for the native heap growth. Please use -XX:HeapBaseMinAddress
#     to set the Java Heap base and to place the Java Heap above 4GB virtual address.
# This output file may be truncated or incomplete.
#
#  Out of Memory Error (allocation.cpp:389), pid=3544, tid=0x0000000000001a84
#
# JRE version: Java(TM) SE Runtime Environment (8.0_431) (build 1.8.0_431-b10)
# Java VM: Java HotSpot(TM) 64-Bit Server VM (25.431-b10 mixed mode windows-amd64 compressed oops)
# Failed to write core dump. Minidumps are not enabled by default on client versions of Windows
#

---------------  T H R E A D  ---------------

Current thread (0x000001f04f659000):  JavaThread "C2 CompilerThread2" daemon [_thread_in_native, id=6788, stack(0x0000006759600000,0x0000006759700000)]

Stack: [0x0000006759600000,0x0000006759700000]
Native frames: (J=compiled Java code, j=interpreted, Vv=VM code, C=native code)
V  [jvm.dll+0x34ba89]
V  [jvm.dll+0x288e12]
V  [jvm.dll+0x2899e0]
V  [jvm.dll+0x27dc65]
V  [jvm.dll+0xd9d8c]
V  [jvm.dll+0xda71c]
V  [jvm.dll+0x4754d2]
V  [jvm.dll+0x4b59e7]
V  [jvm.dll+0x463f71]
V  [jvm.dll+0x460dd9]
V  [jvm.dll+0x44abac]
V  [jvm.dll+0xaf385]
V  [jvm.dll+0xada9f]
V  [jvm.dll+0x24e539]
V  [jvm.dll+0x2a595c]
C  [ucrtbase.dll+0x21bb2]
C  [KERNEL32.DLL+0x17374]
C  [ntdll.dll+0x4cc91]


Current CompileTask:
C2:   4425 3077   !   4       java.net.URLClassLoader$1::run (81 bytes)


---------------  P R O C E S S  ---------------

Java Threads: ( => current thread )
  0x000001f05382f800 JavaThread "jar transforms Thread 10" [_thread_blocked, id=7308, stack(0x000000675b900000,0x000000675ba00000)]
  0x000001f053831000 JavaThread "jar transforms Thread 9" [_thread_blocked, id=5260, stack(0x000000675b800000,0x000000675b900000)]
  0x000001f053830800 JavaThread "jar transforms Thread 8" [_thread_blocked, id=11344, stack(0x000000675b700000,0x000000675b800000)]
  0x000001f04fc69000 JavaThread "jar transforms Thread 7" [_thread_blocked, id=5584, stack(0x000000675b600000,0x000000675b700000)]
  0x000001f04fc6a000 JavaThread "jar transforms Thread 6" [_thread_blocked, id=8064, stack(0x000000675b500000,0x000000675b600000)]
  0x000001f04fc67000 JavaThread "jar transforms Thread 5" [_thread_blocked, id=12980, stack(0x000000675b400000,0x000000675b500000)]
  0x000001f04fc6d800 JavaThread "jar transforms Thread 4" [_thread_blocked, id=11756, stack(0x000000675b300000,0x000000675b400000)]
  0x000001f04fc6d000 JavaThread "Cache worker for execution history cache (C:\Users\hasharica123\.gradle\caches\8.4\executionHistory)" [_thread_blocked, id=10424, stack(0x000000675b200000,0x000000675b300000)]
  0x000001f04fc6c000 JavaThread "Cache worker for cache directory md-rule (C:\Users\hasharica123\.gradle\caches\8.4\md-rule)" [_thread_blocked, id=5288, stack(0x000000675b100000,0x000000675b200000)]
  0x000001f04fc68800 JavaThread "Cache worker for file content cache (C:\Users\hasharica123\.gradle\caches\8.4\fileContent)" [_thread_blocked, id=6128, stack(0x000000675b000000,0x000000675b100000)]
  0x000001f04fc6b800 JavaThread "Cache worker for cache directory md-supplier (C:\Users\hasharica123\.gradle\caches\8.4\md-supplier)" [_thread_blocked, id=8240, stack(0x000000675af00000,0x000000675b000000)]
  0x000001f04fc6a800 JavaThread "File lock release action executor" [_thread_blocked, id=3032, stack(0x000000675ae00000,0x000000675af00000)]
  0x000001f052f7b800 JavaThread "Cache worker for file hash cache (G:\demo_project_database\.gradle\8.4\fileHashes)" [_thread_blocked, id=4876, stack(0x000000675ad00000,0x000000675ae00000)]
  0x000001f052f7a800 JavaThread "Cache worker for checksums cache (G:\demo_project_database\.gradle\8.4\checksums)" [_thread_blocked, id=6984, stack(0x000000675ac00000,0x000000675ad00000)]
  0x000001f052f7c000 JavaThread "jar transforms Thread 3" [_thread_blocked, id=13428, stack(0x000000675ab00000,0x000000675ac00000)]
  0x000001f052f7d000 JavaThread "jar transforms Thread 2" [_thread_blocked, id=12636, stack(0x000000675aa00000,0x000000675ab00000)]
  0x000001f052f79800 JavaThread "jar transforms" [_thread_blocked, id=5336, stack(0x000000675a900000,0x000000675aa00000)]
  0x000001f052f79000 JavaThread "File watcher consumer" daemon [_thread_blocked, id=8732, stack(0x000000675a800000,0x000000675a900000)]
  0x000001f052f78000 JavaThread "File watcher server" daemon [_thread_in_native, id=6424, stack(0x000000675a700000,0x000000675a800000)]
  0x000001f052f7f000 JavaThread "Cache worker for file hash cache (C:\Users\hasharica123\.gradle\caches\8.4\fileHashes)" [_thread_blocked, id=13964, stack(0x000000675a600000,0x000000675a700000)]
  0x000001f052f7d800 JavaThread "File lock request listener" [_thread_in_native, id=11572, stack(0x000000675a500000,0x000000675a600000)]
  0x000001f052f7e800 JavaThread "Cache worker for journal cache (C:\Users\hasharica123\.gradle\caches\journal-1)" [_thread_blocked, id=12580, stack(0x000000675a400000,0x000000675a500000)]
  0x000001f04fbc2000 JavaThread "Daemon client event forwarder" [_thread_blocked, id=1072, stack(0x000000675a300000,0x000000675a400000)]
  0x000001f04fcec800 JavaThread "Stdin handler" [_thread_blocked, id=2944, stack(0x000000675a200000,0x000000675a300000)]
  0x000001f04fceb800 JavaThread "Asynchronous log dispatcher for DefaultDaemonConnection: socket connection from /127.0.0.1:24274 to /127.0.0.1:24275" [_thread_blocked, id=8120, stack(0x000000675a100000,0x000000675a200000)]
  0x000001f04fb28800 JavaThread "Daemon worker" [_thread_in_vm, id=13148, stack(0x000000675a000000,0x000000675a100000)]
  0x000001f04f61a000 JavaThread "Cancel handler" [_thread_blocked, id=12400, stack(0x0000006759f00000,0x000000675a000000)]
  0x000001f0513e3000 JavaThread "Handler for socket connection from /127.0.0.1:24274 to /127.0.0.1:24275" [_thread_in_native, id=12476, stack(0x0000006759e00000,0x0000006759f00000)]
  0x000001f0513c7000 JavaThread "Daemon" [_thread_blocked, id=6524, stack(0x0000006759d00000,0x0000006759e00000)]
  0x000001f0513ba800 JavaThread "Daemon periodic checks" [_thread_blocked, id=12388, stack(0x0000006759c00000,0x0000006759d00000)]
  0x000001f0513c0000 JavaThread "Incoming local TCP Connector on port 24274" [_thread_in_native, id=3712, stack(0x0000006759b00000,0x0000006759c00000)]
  0x000001f0511fc800 JavaThread "Daemon health stats" [_thread_blocked, id=6392, stack(0x0000006759a00000,0x0000006759b00000)]
  0x000001f04f6ee000 JavaThread "Service Thread" daemon [_thread_blocked, id=13240, stack(0x0000006759800000,0x0000006759900000)]
  0x000001f04f660000 JavaThread "C1 CompilerThread3" daemon [_thread_blocked, id=1860, stack(0x0000006759700000,0x0000006759800000)]
=>0x000001f04f659000 JavaThread "C2 CompilerThread2" daemon [_thread_in_native, id=6788, stack(0x0000006759600000,0x0000006759700000)]
  0x000001f04f655800 JavaThread "C2 CompilerThread1" daemon [_thread_in_native, id=12036, stack(0x0000006759500000,0x0000006759600000)]
  0x000001f04f655000 JavaThread "C2 CompilerThread0" daemon [_thread_in_native, id=12040, stack(0x0000006759400000,0x0000006759500000)]
  0x000001f04f5f3000 JavaThread "Attach Listener" daemon [_thread_blocked, id=13848, stack(0x0000006759300000,0x0000006759400000)]
  0x000001f04f5f2800 JavaThread "Signal Dispatcher" daemon [_thread_blocked, id=11428, stack(0x0000006759200000,0x0000006759300000)]
  0x000001f04d107800 JavaThread "Finalizer" daemon [_thread_blocked, id=2780, stack(0x0000006759100000,0x0000006759200000)]
  0x000001f04d0dc800 JavaThread "Reference Handler" daemon [_thread_blocked, id=4280, stack(0x0000006759000000,0x0000006759100000)]
  0x000001f03a6b0800 JavaThread "main" [_thread_blocked, id=1756, stack(0x0000006758400000,0x0000006758500000)]

Other Threads:
  0x000001f04d0d6000 VMThread [stack: 0x0000006758f00000,0x0000006759000000] [id=6000]
  0x000001f04f700800 WatcherThread [stack: 0x0000006759900000,0x0000006759a00000] [id=11964]

VM state:not at safepoint (normal execution)

VM Mutex/Monitor currently owned by a thread: None

heap address: 0x00000000e0000000, size: 512 MB, Compressed Oops mode: 32-bit
Narrow klass base: 0x0000000000000000, Narrow klass shift: 3
Compressed class space size: 394264576 Address: 0x0000000100000000

Heap:
 PSYoungGen      total 76288K, used 40664K [0x00000000f5580000, 0x00000000faa80000, 0x0000000100000000)
  eden space 65536K, 62% used [0x00000000f5580000,0x00000000f7d36020,0x00000000f9580000)
  from space 10752K, 0% used [0x00000000f9580000,0x00000000f9580000,0x00000000fa000000)
  to   space 10752K, 0% used [0x00000000fa000000,0x00000000fa000000,0x00000000faa80000)
 ParOldGen       total 175104K, used 18676K [0x00000000e0000000, 0x00000000eab00000, 0x00000000f5580000)
  object space 175104K, 10% used [0x00000000e0000000,0x00000000e123d078,0x00000000eab00000)
 Metaspace       used 37593K, capacity 39742K, committed 39936K, reserved 419840K
  class space    used 5376K, capacity 5810K, committed 5888K, reserved 385024K

Card table byte_map: [0x000001f04b390000,0x000001f04b4a0000] byte_map_base: 0x000001f04ac90000

Marking Bits: (ParMarkBitMap*) 0x00007ff8a2750200
 Begin Bits: [0x000001f04b550000, 0x000001f04bd50000)
 End Bits:   [0x000001f04bd50000, 0x000001f04c550000)

Polling page: 0x000001f03a780000

CodeCache: size=245760Kb used=11708Kb max_used=11708Kb free=234052Kb
 bounds [0x000001f03bfd0000, 0x000001f03cb50000, 0x000001f04afd0000]
 total_blobs=3949 nmethods=3220 adapters=641
 compilation: enabled

Compilation events (10 events):
Event: 4.392 Thread 0x000001f04f660000 3194       3       sun.invoke.util.Wrapper::isDoubleWord (15 bytes)
Event: 4.392 Thread 0x000001f04f660000 nmethod 3194 0x000001f03cb2fb50 code [0x000001f03cb2fca0, 0x000001f03cb2fe58]
Event: 4.393 Thread 0x000001f04f660000 3197       3       java.lang.invoke.LambdaForm::signatureType (50 bytes)
Event: 4.394 Thread 0x000001f04f660000 nmethod 3197 0x000001f03cb30110 code [0x000001f03cb30340, 0x000001f03cb310b0]
Event: 4.394 Thread 0x000001f04f660000 3198       1       jdk.internal.org.objectweb.asm.MethodWriter::visitCode (1 bytes)
Event: 4.394 Thread 0x000001f04f660000 nmethod 3198 0x000001f03cb31710 code [0x000001f03cb31860, 0x000001f03cb31978]
Event: 4.394 Thread 0x000001f04f660000 3200   !   3       java.lang.invoke.LambdaForm::compileToBytecode (103 bytes)
Event: 4.395 Thread 0x000001f04f660000 nmethod 3200 0x000001f03cb319d0 code [0x000001f03cb31c00, 0x000001f03cb32520]
Event: 4.395 Thread 0x000001f04f660000 3203       3       jdk.internal.org.objectweb.asm.ClassWriter::newString (70 bytes)
Event: 4.395 Thread 0x000001f04f660000 nmethod 3203 0x000001f03cb32a50 code [0x000001f03cb32c00, 0x000001f03cb33060]

GC Heap History (10 events):
Event: 2.682 GC heap before
{Heap before GC invocations=5 (full 1):
 PSYoungGen      total 76288K, used 9637K [0x00000000f5580000, 0x00000000faa80000, 0x0000000100000000)
  eden space 65536K, 0% used [0x00000000f5580000,0x00000000f5580000,0x00000000f9580000)
  from space 10752K, 89% used [0x00000000fa000000,0x00000000fa969788,0x00000000faa80000)
  to   space 10752K, 0% used [0x00000000f9580000,0x00000000f9580000,0x00000000fa000000)
 ParOldGen       total 175104K, used 394K [0x00000000e0000000, 0x00000000eab00000, 0x00000000f5580000)
  object space 175104K, 0% used [0x00000000e0000000,0x00000000e0062b80,0x00000000eab00000)
 Metaspace       used 20248K, capacity 21210K, committed 21296K, reserved 403456K
  class space    used 2943K, capacity 3177K, committed 3200K, reserved 385024K
Event: 2.708 GC heap after
Heap after GC invocations=5 (full 1):
 PSYoungGen      total 76288K, used 0K [0x00000000f5580000, 0x00000000faa80000, 0x0000000100000000)
  eden space 65536K, 0% used [0x00000000f5580000,0x00000000f5580000,0x00000000f9580000)
  from space 10752K, 0% used [0x00000000fa000000,0x00000000fa000000,0x00000000faa80000)
  to   space 10752K, 0% used [0x00000000f9580000,0x00000000f9580000,0x00000000fa000000)
 ParOldGen       total 175104K, used 9330K [0x00000000e0000000, 0x00000000eab00000, 0x00000000f5580000)
  object space 175104K, 5% used [0x00000000e0000000,0x00000000e091c8e8,0x00000000eab00000)
 Metaspace       used 20248K, capacity 21210K, committed 21296K, reserved 403456K
  class space    used 2943K, capacity 3177K, committed 3200K, reserved 385024K
}
Event: 3.054 GC heap before
{Heap before GC invocations=6 (full 1):
 PSYoungGen      total 76288K, used 65536K [0x00000000f5580000, 0x00000000faa80000, 0x0000000100000000)
  eden space 65536K, 100% used [0x00000000f5580000,0x00000000f9580000,0x00000000f9580000)
  from space 10752K, 0% used [0x00000000fa000000,0x00000000fa000000,0x00000000faa80000)
  to   space 10752K, 0% used [0x00000000f9580000,0x00000000f9580000,0x00000000fa000000)
 ParOldGen       total 175104K, used 9330K [0x00000000e0000000, 0x00000000eab00000, 0x00000000f5580000)
  object space 175104K, 5% used [0x00000000e0000000,0x00000000e091c8e8,0x00000000eab00000)
 Metaspace       used 23855K, capacity 25128K, committed 25472K, reserved 407552K
  class space    used 3576K, capacity 3862K, committed 3968K, reserved 385024K
Event: 3.058 GC heap after
Heap after GC invocations=6 (full 1):
 PSYoungGen      total 76288K, used 5580K [0x00000000f5580000, 0x00000000faa80000, 0x0000000100000000)
  eden space 65536K, 0% used [0x00000000f5580000,0x00000000f5580000,0x00000000f9580000)
  from space 10752K, 51% used [0x00000000f9580000,0x00000000f9af31b0,0x00000000fa000000)
  to   space 10752K, 0% used [0x00000000fa000000,0x00000000fa000000,0x00000000faa80000)
 ParOldGen       total 175104K, used 9338K [0x00000000e0000000, 0x00000000eab00000, 0x00000000f5580000)
  object space 175104K, 5% used [0x00000000e0000000,0x00000000e091e8e8,0x00000000eab00000)
 Metaspace       used 23855K, capacity 25128K, committed 25472K, reserved 407552K
  class space    used 3576K, capacity 3862K, committed 3968K, reserved 385024K
}
Event: 3.469 GC heap before
{Heap before GC invocations=7 (full 1):
 PSYoungGen      total 76288K, used 71116K [0x00000000f5580000, 0x00000000faa80000, 0x0000000100000000)
  eden space 65536K, 100% used [0x00000000f5580000,0x00000000f9580000,0x00000000f9580000)
  from space 10752K, 51% used [0x00000000f9580000,0x00000000f9af31b0,0x00000000fa000000)
  to   space 10752K, 0% used [0x00000000fa000000,0x00000000fa000000,0x00000000faa80000)
 ParOldGen       total 175104K, used 9338K [0x00000000e0000000, 0x00000000eab00000, 0x00000000f5580000)
  object space 175104K, 5% used [0x00000000e0000000,0x00000000e091e8e8,0x00000000eab00000)
 Metaspace       used 27607K, capacity 29230K, committed 29312K, reserved 411648K
  class space    used 4104K, capacity 4461K, committed 4480K, reserved 385024K
Event: 3.472 GC heap after
Heap after GC invocations=7 (full 1):
 PSYoungGen      total 76288K, used 7304K [0x00000000f5580000, 0x00000000faa80000, 0x0000000100000000)
  eden space 65536K, 0% used [0x00000000f5580000,0x00000000f5580000,0x00000000f9580000)
  from space 10752K, 67% used [0x00000000fa000000,0x00000000fa7223e8,0x00000000faa80000)
  to   space 10752K, 0% used [0x00000000f9580000,0x00000000f9580000,0x00000000fa000000)
 ParOldGen       total 175104K, used 9346K [0x00000000e0000000, 0x00000000eab00000, 0x00000000f5580000)
  object space 175104K, 5% used [0x00000000e0000000,0x00000000e09208e8,0x00000000eab00000)
 Metaspace       used 27607K, capacity 29230K, committed 29312K, reserved 411648K
  class space    used 4104K, capacity 4461K, committed 4480K, reserved 385024K
}
Event: 4.007 GC heap before
{Heap before GC invocations=8 (full 1):
 PSYoungGen      total 76288K, used 71356K [0x00000000f5580000, 0x00000000faa80000, 0x0000000100000000)
  eden space 65536K, 97% used [0x00000000f5580000,0x00000000f940cc40,0x00000000f9580000)
  from space 10752K, 67% used [0x00000000fa000000,0x00000000fa7223e8,0x00000000faa80000)
  to   space 10752K, 0% used [0x00000000f9580000,0x00000000f9580000,0x00000000fa000000)
 ParOldGen       total 175104K, used 9346K [0x00000000e0000000, 0x00000000eab00000, 0x00000000f5580000)
  object space 175104K, 5% used [0x00000000e0000000,0x00000000e09208e8,0x00000000eab00000)
 Metaspace       used 33444K, capacity 35434K, committed 35496K, reserved 415744K
  class space    used 4904K, capacity 5330K, committed 5376K, reserved 385024K
Event: 4.014 GC heap after
Heap after GC invocations=8 (full 1):
 PSYoungGen      total 76288K, used 10723K [0x00000000f5580000, 0x00000000faa80000, 0x0000000100000000)
  eden space 65536K, 0% used [0x00000000f5580000,0x00000000f5580000,0x00000000f9580000)
  from space 10752K, 99% used [0x00000000f9580000,0x00000000f9ff8c98,0x00000000fa000000)
  to   space 10752K, 0% used [0x00000000fa000000,0x00000000fa000000,0x00000000faa80000)
 ParOldGen       total 175104K, used 10497K [0x00000000e0000000, 0x00000000eab00000, 0x00000000f5580000)
  object space 175104K, 5% used [0x00000000e0000000,0x00000000e0a40568,0x00000000eab00000)
 Metaspace       used 33444K, capacity 35434K, committed 35496K, reserved 415744K
  class space    used 4904K, capacity 5330K, committed 5376K, reserved 385024K
}
Event: 4.014 GC heap before
{Heap before GC invocations=9 (full 2):
 PSYoungGen      total 76288K, used 10723K [0x00000000f5580000, 0x00000000faa80000, 0x0000000100000000)
  eden space 65536K, 0% used [0x00000000f5580000,0x00000000f5580000,0x00000000f9580000)
  from space 10752K, 99% used [0x00000000f9580000,0x00000000f9ff8c98,0x00000000fa000000)
  to   space 10752K, 0% used [0x00000000fa000000,0x00000000fa000000,0x00000000faa80000)
 ParOldGen       total 175104K, used 10497K [0x00000000e0000000, 0x00000000eab00000, 0x00000000f5580000)
  object space 175104K, 5% used [0x00000000e0000000,0x00000000e0a40568,0x00000000eab00000)
 Metaspace       used 33444K, capacity 35434K, committed 35496K, reserved 415744K
  class space    used 4904K, capacity 5330K, committed 5376K, reserved 385024K
Event: 4.044 GC heap after
Heap after GC invocations=9 (full 2):
 PSYoungGen      total 76288K, used 0K [0x00000000f5580000, 0x00000000faa80000, 0x0000000100000000)
  eden space 65536K, 0% used [0x00000000f5580000,0x00000000f5580000,0x00000000f9580000)
  from space 10752K, 0% used [0x00000000f9580000,0x00000000f9580000,0x00000000fa000000)
  to   space 10752K, 0% used [0x00000000fa000000,0x00000000fa000000,0x00000000faa80000)
 ParOldGen       total 175104K, used 18676K [0x00000000e0000000, 0x00000000eab00000, 0x00000000f5580000)
  object space 175104K, 10% used [0x00000000e0000000,0x00000000e123d078,0x00000000eab00000)
 Metaspace       used 33437K, capacity 35410K, committed 35496K, reserved 415744K
  class space    used 4902K, capacity 5326K, committed 5376K, reserved 385024K
}

Deoptimization events (10 events):
Event: 3.216 Thread 0x000001f04fb28800 Uncommon trap: reason=unstable_if action=reinterpret pc=0x000001f03c7852c8 method=sun.security.util.ManifestDigester.findSection(ILsun/security/util/ManifestDigester$Position;)Z @ 24
Event: 3.219 Thread 0x000001f04fb28800 Uncommon trap: reason=unstable_if action=reinterpret pc=0x000001f03c7badd4 method=java.math.BigInteger.addOne([IIII)I @ 55
Event: 3.510 Thread 0x000001f04fb28800 Uncommon trap: reason=unstable_if action=reinterpret pc=0x000001f03c550580 method=java.util.HashMap.hash(Ljava/lang/Object;)I @ 1
Event: 3.510 Thread 0x000001f04fb28800 Uncommon trap: reason=unstable_if action=reinterpret pc=0x000001f03c53b4a8 method=java.util.HashMap.hash(Ljava/lang/Object;)I @ 1
Event: 3.869 Thread 0x000001f04fb28800 Uncommon trap: reason=unstable_if action=reinterpret pc=0x000001f03c7e0e44 method=java.lang.ClassLoader.getClassLoadingLock(Ljava/lang/String;)Ljava/lang/Object; @ 6
Event: 4.044 Thread 0x000001f04d0dc800 Uncommon trap: reason=unstable_if action=reinterpret pc=0x000001f03c611764 method=java.lang.ref.Reference.tryHandlePending(Z)Z @ 104
Event: 4.126 Thread 0x000001f04fb28800 Uncommon trap: reason=unstable_if action=reinterpret pc=0x000001f03c42fb54 method=sun.misc.URLClassPath$JarLoader.getResource(Ljava/lang/String;ZLjava/util/Set;)Lsun/misc/Resource; @ 17
Event: 4.167 Thread 0x000001f04fb28800 Uncommon trap: reason=unstable_if action=reinterpret pc=0x000001f03c8a9d28 method=sun.reflect.misc.ReflectUtil.isNonPublicProxyClass(Ljava/lang/Class;)Z @ 14
Event: 4.381 Thread 0x000001f04fb28800 Uncommon trap: reason=unstable_if action=reinterpret pc=0x000001f03c782ff8 method=java.util.HashMap.putVal(ILjava/lang/Object;Ljava/lang/Object;ZZ)Ljava/lang/Object; @ 162
Event: 4.383 Thread 0x000001f04fb28800 Uncommon trap: reason=range_check action=make_not_entrant pc=0x000001f03c8e1074 method=java.lang.String.charAt(I)C @ 27

Classes redefined (0 events):
No events

Internal exceptions (10 events):
Event: 4.311 Thread 0x000001f04fb28800 Exception <a 'java/lang/ClassNotFoundException': init_asd265rb9ubiuflyiu2s256g6BeanInfo> (0x00000000f71aee58) thrown at [C:\jenkins\workspace\8-2-build-windows-x64-cygwin-sans-NAS\jdk8u431\1359\hotspot\src\share\vm\classfile\systemDictionary.cpp, line 213
Event: 4.312 Thread 0x000001f04fb28800 Exception <a 'java/lang/ClassNotFoundException': init_asd265rb9ubiuflyiu2s256g6Customizer> (0x00000000f71bef58) thrown at [C:\jenkins\workspace\8-2-build-windows-x64-cygwin-sans-NAS\jdk8u431\1359\hotspot\src\share\vm\classfile\systemDictionary.cpp, line 2
Event: 4.330 Thread 0x000001f04fb28800 Exception <a 'java/lang/ClassNotFoundException': eclipsePlugin_c1b94miwt3eovjqdps4g2axtmBeanInfo> (0x00000000f7342d20) thrown at [C:\jenkins\workspace\8-2-build-windows-x64-cygwin-sans-NAS\jdk8u431\1359\hotspot\src\share\vm\classfile\systemDictionary.cpp,
Event: 4.330 Thread 0x000001f04fb28800 Exception <a 'java/lang/ClassNotFoundException': eclipsePlugin_c1b94miwt3eovjqdps4g2axtmCustomizer> (0x00000000f7354828) thrown at [C:\jenkins\workspace\8-2-build-windows-x64-cygwin-sans-NAS\jdk8u431\1359\hotspot\src\share\vm\classfile\systemDictionary.cp
Event: 4.356 Thread 0x000001f04fb28800 Exception <a 'java/lang/ClassNotFoundException': org/gradle/internal/metaobject/ConfigureDelegateBeanInfo> (0x00000000f75a0a50) thrown at [C:\jenkins\workspace\8-2-build-windows-x64-cygwin-sans-NAS\jdk8u431\1359\hotspot\src\share\vm\classfile\systemDictio
Event: 4.356 Thread 0x000001f04fb28800 Exception <a 'java/lang/ClassNotFoundException': org/gradle/internal/metaobject/ConfigureDelegateCustomizer> (0x00000000f75db020) thrown at [C:\jenkins\workspace\8-2-build-windows-x64-cygwin-sans-NAS\jdk8u431\1359\hotspot\src\share\vm\classfile\systemDict
Event: 4.367 Thread 0x000001f04fb28800 Exception <a 'java/lang/ClassNotFoundException': org/gradle/api/internal/initialization/DefaultScriptHandler_DecoratedBeanInfo> (0x00000000f774a5d8) thrown at [C:\jenkins\workspace\8-2-build-windows-x64-cygwin-sans-NAS\jdk8u431\1359\hotspot\src\share\vm\c
Event: 4.367 Thread 0x000001f04fb28800 Exception <a 'java/lang/ClassNotFoundException': org/gradle/api/internal/initialization/DefaultScriptHandlerBeanInfo> (0x00000000f778d628) thrown at [C:\jenkins\workspace\8-2-build-windows-x64-cygwin-sans-NAS\jdk8u431\1359\hotspot\src\share\vm\classfile\s
Event: 4.368 Thread 0x000001f04fb28800 Exception <a 'java/lang/ClassNotFoundException': org/gradle/api/internal/initialization/DefaultScriptHandlerCustomizer> (0x00000000f77d13f0) thrown at [C:\jenkins\workspace\8-2-build-windows-x64-cygwin-sans-NAS\jdk8u431\1359\hotspot\src\share\vm\classfile
Event: 4.368 Thread 0x000001f04fb28800 Exception <a 'java/lang/ClassNotFoundException': org/gradle/api/internal/initialization/DefaultScriptHandler_DecoratedCustomizer> (0x00000000f782a488) thrown at [C:\jenkins\workspace\8-2-build-windows-x64-cygwin-sans-NAS\jdk8u431\1359\hotspot\src\share\vm

Events (10 events):
Event: 4.405 loading class sun/nio/fs/WindowsChannelFactory
Event: 4.406 loading class sun/nio/fs/WindowsChannelFactory done
Event: 4.406 loading class sun/nio/fs/WindowsChannelFactory$1
Event: 4.406 loading class sun/nio/fs/WindowsChannelFactory$1 done
Event: 4.406 loading class sun/nio/fs/WindowsChannelFactory$Flags
Event: 4.406 loading class sun/nio/fs/WindowsChannelFactory$Flags done
Event: 4.406 loading class sun/nio/fs/WindowsChannelFactory$2
Event: 4.406 loading class sun/nio/fs/WindowsChannelFactory$2 done
Event: 4.406 loading class com/sun/nio/file/ExtendedOpenOption
Event: 4.407 loading class com/sun/nio/file/ExtendedOpenOption done


Dynamic libraries:
0x00007ff6bdf30000 - 0x00007ff6bdf7f000 	C:\Program Files\Java\jre1.8.0_431\bin\java.exe
0x00007ff8d1770000 - 0x00007ff8d1968000 	C:\WINDOWS\SYSTEM32\ntdll.dll
0x00007ff8d0270000 - 0x00007ff8d0332000 	C:\WINDOWS\System32\KERNEL32.DLL
0x00007ff8cf3d0000 - 0x00007ff8cf6c6000 	C:\WINDOWS\System32\KERNELBASE.dll
0x00007ff8d1290000 - 0x00007ff8d1341000 	C:\WINDOWS\System32\ADVAPI32.dll
0x00007ff8d1120000 - 0x00007ff8d11be000 	C:\WINDOWS\System32\msvcrt.dll
0x00007ff8d01d0000 - 0x00007ff8d026f000 	C:\WINDOWS\System32\sechost.dll
0x00007ff8d14f0000 - 0x00007ff8d1610000 	C:\WINDOWS\System32\RPCRT4.dll
0x00007ff8cf270000 - 0x00007ff8cf297000 	C:\WINDOWS\System32\bcrypt.dll
0x00007ff8d0d90000 - 0x00007ff8d0f31000 	C:\WINDOWS\System32\USER32.dll
0x00007ff8cf6d0000 - 0x00007ff8cf6f2000 	C:\WINDOWS\System32\win32u.dll
0x00007ff8d0f40000 - 0x00007ff8d0f6b000 	C:\WINDOWS\System32\GDI32.dll
0x00007ff8ceff0000 - 0x00007ff8cf109000 	C:\WINDOWS\System32\gdi32full.dll
0x00007ff8cef00000 - 0x00007ff8cef9d000 	C:\WINDOWS\System32\msvcp_win.dll
0x00007ff8cee00000 - 0x00007ff8cef00000 	C:\WINDOWS\System32\ucrtbase.dll
0x00007ff8bec30000 - 0x00007ff8beecb000 	C:\WINDOWS\WinSxS\amd64_microsoft.windows.common-controls_6595b64144ccf1df_6.0.19041.6456_none_60b8a6cb71f64256\COMCTL32.dll
0x00007ff8cf7b0000 - 0x00007ff8cf7df000 	C:\WINDOWS\System32\IMM32.DLL
0x00007ff8c2430000 - 0x00007ff8c244b000 	C:\Program Files\Java\jre1.8.0_431\bin\vcruntime140.dll
0x00007ff8c2420000 - 0x00007ff8c242c000 	C:\Program Files\Java\jre1.8.0_431\bin\vcruntime140_1.dll
0x00007ff8aa3e0000 - 0x00007ff8aa46e000 	C:\Program Files\Java\jre1.8.0_431\bin\msvcp140.dll
0x00007ff8a1f20000 - 0x00007ff8a27ca000 	C:\Program Files\Java\jre1.8.0_431\bin\server\jvm.dll
0x00007ff8d13b0000 - 0x00007ff8d13b8000 	C:\WINDOWS\System32\PSAPI.DLL
0x00007ff8c0d80000 - 0x00007ff8c0d89000 	C:\WINDOWS\SYSTEM32\WSOCK32.dll
0x00007ff8c82c0000 - 0x00007ff8c82ca000 	C:\WINDOWS\SYSTEM32\VERSION.dll
0x00007ff8d0b90000 - 0x00007ff8d0bfb000 	C:\WINDOWS\System32\WS2_32.dll
0x00007ff8c6f20000 - 0x00007ff8c6f47000 	C:\WINDOWS\SYSTEM32\WINMM.dll
0x00007ff8ccc90000 - 0x00007ff8ccca2000 	C:\WINDOWS\SYSTEM32\kernel.appcore.dll
0x00007ff8c2410000 - 0x00007ff8c2420000 	C:\Program Files\Java\jre1.8.0_431\bin\verify.dll
0x00007ff8b98e0000 - 0x00007ff8b990b000 	C:\Program Files\Java\jre1.8.0_431\bin\java.dll
0x00007ff8b98a0000 - 0x00007ff8b98d7000 	C:\Program Files\Java\jre1.8.0_431\bin\instrument.dll
0x00007ff8aa1a0000 - 0x00007ff8aa1b8000 	C:\Program Files\Java\jre1.8.0_431\bin\zip.dll
0x00007ff8d0340000 - 0x00007ff8d0ab0000 	C:\WINDOWS\System32\SHELL32.dll
0x00007ff8cce90000 - 0x00007ff8cd635000 	C:\WINDOWS\SYSTEM32\windows.storage.dll
0x00007ff8cf7e0000 - 0x00007ff8cfb34000 	C:\WINDOWS\System32\combase.dll
0x00007ff8ce830000 - 0x00007ff8ce85b000 	C:\WINDOWS\SYSTEM32\Wldp.dll
0x00007ff8d0c00000 - 0x00007ff8d0ccd000 	C:\WINDOWS\System32\OLEAUT32.dll
0x00007ff8d11d0000 - 0x00007ff8d127d000 	C:\WINDOWS\System32\SHCORE.dll
0x00007ff8cfd00000 - 0x00007ff8cfd5b000 	C:\WINDOWS\System32\shlwapi.dll
0x00007ff8ced30000 - 0x00007ff8ced54000 	C:\WINDOWS\SYSTEM32\profapi.dll
0x00007ff8aa180000 - 0x00007ff8aa19c000 	C:\Program Files\Java\jre1.8.0_431\bin\net.dll
0x00007ff8ce590000 - 0x00007ff8ce5fa000 	C:\WINDOWS\system32\mswsock.dll
0x00007ff8a9de0000 - 0x00007ff8a9df3000 	C:\Program Files\Java\jre1.8.0_431\bin\nio.dll
0x00007ff8b0f10000 - 0x00007ff8b0f37000 	C:\Users\hasharica123\.gradle\native\c067742578af261105cb4f569cf0c3c89f3d7b1fecec35dd04571415982c5e48\windows-amd64\native-platform.dll
0x00007ff8a39c0000 - 0x00007ff8a3b04000 	C:\Users\hasharica123\.gradle\native\38dada09dfb8b06ba9b0570ebf7e218e3eb74d4ef43ca46872605cf95ebc2f47\windows-amd64\native-platform-file-events.dll
0x00007ff8c2400000 - 0x00007ff8c240d000 	C:\Program Files\Java\jre1.8.0_431\bin\management.dll
0x00007ff8ce780000 - 0x00007ff8ce798000 	C:\WINDOWS\SYSTEM32\CRYPTSP.dll
0x00007ff8cde40000 - 0x00007ff8cde78000 	C:\WINDOWS\system32\rsaenh.dll
0x00007ff8cecf0000 - 0x00007ff8ced1e000 	C:\WINDOWS\SYSTEM32\USERENV.dll
0x00007ff8cf700000 - 0x00007ff8cf782000 	C:\WINDOWS\System32\bcryptprimitives.dll
0x00007ff8ce7a0000 - 0x00007ff8ce7ac000 	C:\WINDOWS\SYSTEM32\CRYPTBASE.dll
0x00007ff8ce220000 - 0x00007ff8ce25b000 	C:\WINDOWS\SYSTEM32\IPHLPAPI.DLL
0x00007ff8d1280000 - 0x00007ff8d1288000 	C:\WINDOWS\System32\NSI.dll
0x00007ff8ca290000 - 0x00007ff8ca2a7000 	C:\WINDOWS\SYSTEM32\dhcpcsvc6.DLL
0x00007ff8ca270000 - 0x00007ff8ca28d000 	C:\WINDOWS\SYSTEM32\dhcpcsvc.DLL
0x00007ff8ce260000 - 0x00007ff8ce32a000 	C:\WINDOWS\SYSTEM32\DNSAPI.dll
0x00007ff8bc600000 - 0x00007ff8bc801000 	C:\WINDOWS\SYSTEM32\dbghelp.dll

VM Arguments:
jvm_args: -XX:MaxMetaspaceSize=384m -XX:+HeapDumpOnOutOfMemoryError -Xms256m -Xmx512m -Dfile.encoding=utf8 -Duser.country=RO -Duser.language=ro -Duser.variant -javaagent:C:\Users\hasharica123\.gradle\wrapper\dists\gradle-8.4-bin\1w5dpkrfk8irigvoxmyhowfim\gradle-8.4\lib\agents\gradle-instrumentation-agent-8.4.jar 
java_command: org.gradle.launcher.daemon.bootstrap.GradleDaemon 8.4
java_class_path (initial): C:\Users\hasharica123\.gradle\wrapper\dists\gradle-8.4-bin\1w5dpkrfk8irigvoxmyhowfim\gradle-8.4\lib\gradle-launcher-8.4.jar;C:\Users\hasharica123\.gradle\wrapper\dists\gradle-8.4-bin\1w5dpkrfk8irigvoxmyhowfim\gradle-8.4\lib\agents\gradle-instrumentation-agent-8.4.jar
Launcher Type: SUN_STANDARD

Environment Variables:
JAVA_HOME=C:\Program Files\Eclipse Adoptium\jdk-21.0.9.10-hotspot
PATH=C:\Program Files\Eclipse Adoptium\jdk-21.0.9.10-hotspot\bin;C:\Program Files\Eclipse Adoptium\jdk-25.0.1.8-hotspot\bin;C:\Program Files\Java\jre1.8.0_431\bin;C:\Program Files (x86)\Common Files\Oracle\Java\java8path;C:\Program Files (x86)\Common Files\Oracle\Java\javapath;C:\Python312\Scripts\;C:\Python312\;C:\Program Files (x86)\NVIDIA Corporation\PhysX\Common;C:\Python311\Scripts\;C:\Python311\;C:\WINDOWS\system32;C:\WINDOWS;C:\WINDOWS\System32\Wbem;C:\WINDOWS\System32\WindowsPowerShell\v1.0\;C:\WINDOWS\System32\OpenSSH\;C:\ProgramData\chocolatey\bin;C:\Program Files\Git\cmd;C:\Program Files\dotnet\;C:\Program Files\Microsoft SQL Server\130\Tools\Binn\;C:\Program Files\Microsoft SQL Server\Client SDK\ODBC\170\Tools\Binn\;C:\xampp\php;C:\composer;C:\Program Files\nodejs\;C:\Program Files\TortoiseSVN\bin;C:\Program Files\Go\bin;C:\Users\hasharica123\AppData\Local\Microsoft\WindowsApps;Y:\Microsoft VS Code\bin;C:\Users\hasharica123\.dotnet\tools;C:\Users\hasharica123\AppData\Roaming\Composer\vendor\bin;C:\Users\hasharica123\AppData\Roaming\npm;C:\MinGW\bin;C:\mingw64\bin;C:\Python312;C:\Python312\Scripts;C:\Users\hasharica123\AppData\Roaming\Python\Python312\Scripts;C:\Users\hasharica123\go\bin
USERNAME=hasharica123
OS=Windows_NT
PROCESSOR_IDENTIFIER=AMD64 Family 23 Model 1 Stepping 1, AuthenticAMD



---------------  S Y S T E M  ---------------

OS: Windows 10 , 64 bit Build 19041 (10.0.19041.5915)

CPU:total 12 (initial active 12) (12 cores per cpu, 1 threads per core) family 23 model 1 stepping 1, cmov, cx8, fxsr, mmx, sse, sse2, sse3, ssse3, sse4.1, sse4.2, popcnt, avx, avx2, aes, clmul, mmxext, 3dnowpref, lzcnt, sse4a, tsc, tscinvbit, tscinv, bmi1

Memory: 4k page, physical 16728460k(331616k free), swap 18825612k(5212k free)

vm_info: Java HotSpot(TM) 64-Bit Server VM (25.431-b10) for windows-amd64 JRE (1.8.0_431-b10), built on Sep 30 2024 08:11:54 by "java_re" with MS VC++ 17.6 (VS2022)

time: Sat Jan 17 14:47:03 2026
timezone: GTB, oramily 23 Model 1 Stepping 1, AuthenticAMD
elapsed time: 4.433586 seconds (0d 0h 0m 4s)

